{"level":40,"time":1676399054272,"pid":1824,"hostname":"DESKTOP-G8F9RK0","msg":"La URL: /oo y el metodo: GET no estan implementados"}
{"level":40,"time":1676401257315,"pid":13680,"hostname":"DESKTOP-G8F9RK0","msg":"La URL: /alt=%22Imagen y el metodo: GET no estan implementados"}
{"level":40,"time":1676401290926,"pid":13680,"hostname":"DESKTOP-G8F9RK0","msg":"La URL: /alt=%22Imagen y el metodo: GET no estan implementados"}
{"level":40,"time":1676401307009,"pid":13680,"hostname":"DESKTOP-G8F9RK0","msg":"La URL: /favicon.ico y el metodo: GET no estan implementados"}
{"level":40,"time":1676403198784,"pid":7228,"hostname":"DESKTOP-G8F9RK0","msg":"La URL: /bb y el metodo: GET no estan implementados"}
{"level":40,"time":1676404068816,"pid":4116,"hostname":"DESKTOP-G8F9RK0","msg":"La URL: /jj y el metodo: GET no estan implementados"}
{"level":40,"time":1676405771363,"pid":10052,"hostname":"DESKTOP-G8F9RK0","msg":"La URL: /jj y el metodo: GET no estan implementados"}
{"level":40,"time":1676406420879,"pid":5316,"hostname":"DESKTOP-G8F9RK0","msg":"La URL: /alt=%22Imagen y el metodo: GET no estan implementados"}
{"level":40,"time":1676406498405,"pid":6200,"hostname":"DESKTOP-G8F9RK0","msg":"La URL: /alt=%22Imagen y el metodo: GET no estan implementados"}
{"level":40,"time":1676406500865,"pid":6200,"hostname":"DESKTOP-G8F9RK0","msg":"La URL: /ff y el metodo: GET no estan implementados"}
{"level":40,"time":1676406523156,"pid":6200,"hostname":"DESKTOP-G8F9RK0","msg":"La URL: /ff y el metodo: GET no estan implementados"}
{"level":40,"time":1676406661846,"pid":6928,"hostname":"DESKTOP-G8F9RK0","msg":"La URL: /alt=%22Imagen y el metodo: GET no estan implementados"}
{"level":40,"time":1676406664408,"pid":6928,"hostname":"DESKTOP-G8F9RK0","msg":"La URL: /ff y el metodo: GET no estan implementados"}
{"level":40,"time":1676406683497,"pid":6928,"hostname":"DESKTOP-G8F9RK0","msg":"La URL: /ff y el metodo: GET no estan implementados"}
{"level":40,"time":1676406786136,"pid":5020,"hostname":"DESKTOP-G8F9RK0","msg":"La URL: /alt=%22Imagen y el metodo: GET no estan implementados"}
{"level":40,"time":1676406786158,"pid":5020,"hostname":"DESKTOP-G8F9RK0","msg":"La URL: /ff y el metodo: GET no estan implementados"}
{"level":40,"time":1676406788210,"pid":5020,"hostname":"DESKTOP-G8F9RK0","msg":"La URL: /ff y el metodo: GET no estan implementados"}
{"level":40,"time":1676406841414,"pid":6156,"hostname":"DESKTOP-G8F9RK0","msg":"La URL: /alt=%22Imagen y el metodo: GET no estan implementados"}
{"level":40,"time":1676406843869,"pid":6156,"hostname":"DESKTOP-G8F9RK0","msg":"La URL: /ff y el metodo: GET no estan implementados"}
{"level":40,"time":1676406874394,"pid":1780,"hostname":"DESKTOP-G8F9RK0","msg":"La URL: /alt=%22Imagen y el metodo: GET no estan implementados"}
{"level":40,"time":1676406875933,"pid":1780,"hostname":"DESKTOP-G8F9RK0","msg":"La URL: /ff y el metodo: GET no estan implementados"}
{"level":40,"time":1676406920216,"pid":3880,"hostname":"DESKTOP-G8F9RK0","msg":"La URL: /alt=%22Imagen y el metodo: GET no estan implementados"}
{"level":40,"time":1676406920226,"pid":3880,"hostname":"DESKTOP-G8F9RK0","msg":"La URL: /ff y el metodo: GET no estan implementados"}
{"level":40,"time":1676406923321,"pid":3880,"hostname":"DESKTOP-G8F9RK0","msg":"La URL: /ff y el metodo: GET no estan implementados"}
{"level":40,"time":1676407027516,"pid":796,"hostname":"DESKTOP-G8F9RK0","msg":"La URL: /alt=%22Imagen y el metodo: GET no estan implementados"}
{"level":40,"time":1676407030165,"pid":796,"hostname":"DESKTOP-G8F9RK0","msg":"La URL: /ff y el metodo: GET no estan implementados"}
{"level":40,"time":1676407040666,"pid":796,"hostname":"DESKTOP-G8F9RK0","msg":"La URL: /ff y el metodo: GET no estan implementados"}
{"level":40,"time":1676407189201,"pid":4164,"hostname":"DESKTOP-G8F9RK0","msg":"La URL: /alt=%22Imagen y el metodo: GET no estan implementados"}
{"level":40,"time":1676407189611,"pid":4164,"hostname":"DESKTOP-G8F9RK0","msg":"La URL: /ff y el metodo: GET no estan implementados"}
{"level":40,"time":1676407235647,"pid":2052,"hostname":"DESKTOP-G8F9RK0","msg":"La URL: /alt=%22Imagen y el metodo: GET no estan implementados"}
{"level":40,"time":1676407238166,"pid":2052,"hostname":"DESKTOP-G8F9RK0","msg":"La URL: /ff y el metodo: GET no estan implementados"}
{"level":40,"time":1676407270335,"pid":10076,"hostname":"DESKTOP-G8F9RK0","msg":"La URL: /alt=%22Imagen y el metodo: GET no estan implementados"}
{"level":40,"time":1676407309368,"pid":4556,"hostname":"DESKTOP-G8F9RK0","msg":"La URL: /alt=%22Imagen y el metodo: GET no estan implementados"}
{"level":40,"time":1676407309398,"pid":4556,"hostname":"DESKTOP-G8F9RK0","msg":"La URL: /ff y el metodo: GET no estan implementados"}
{"level":40,"time":1676407377819,"pid":2164,"hostname":"DESKTOP-G8F9RK0","msg":"La URL: /alt=%22Imagen y el metodo: GET no estan implementados"}
{"level":40,"time":1676407379220,"pid":2164,"hostname":"DESKTOP-G8F9RK0","msg":"La URL: /ff y el metodo: GET no estan implementados"}
{"level":40,"time":1676407392835,"pid":12464,"hostname":"DESKTOP-G8F9RK0","msg":"La URL: /alt=%22Imagen y el metodo: GET no estan implementados"}
{"level":40,"time":1676407395452,"pid":12464,"hostname":"DESKTOP-G8F9RK0","msg":"La URL: /ff y el metodo: GET no estan implementados"}
{"level":40,"time":1676407429947,"pid":11896,"hostname":"DESKTOP-G8F9RK0","msg":"La URL: /ff y el metodo: GET no estan implementados"}
{"level":40,"time":1676407430036,"pid":11896,"hostname":"DESKTOP-G8F9RK0","msg":"La URL: /alt=%22Imagen y el metodo: GET no estan implementados"}
{"level":40,"time":1676411309983,"pid":8640,"hostname":"DESKTOP-G8F9RK0","msg":"La URL: /ff y el metodo: GET no estan implementados"}
{"level":40,"time":1676411311265,"pid":8640,"hostname":"DESKTOP-G8F9RK0","msg":"La URL: /alt=%22Imagen y el metodo: GET no estan implementados"}
{"level":40,"time":1676411354815,"pid":10556,"hostname":"DESKTOP-G8F9RK0","msg":"La URL: /alt=%22Imagen y el metodo: GET no estan implementados"}
{"level":40,"time":1676411356072,"pid":10556,"hostname":"DESKTOP-G8F9RK0","msg":"La URL: /ff y el metodo: GET no estan implementados"}
{"level":40,"time":1676411357410,"pid":10556,"hostname":"DESKTOP-G8F9RK0","msg":"La URL: /ff y el metodo: GET no estan implementados"}
{"level":40,"time":1676411413531,"pid":9204,"hostname":"DESKTOP-G8F9RK0","msg":"La URL: /alt=%22Imagen y el metodo: GET no estan implementados"}
{"level":40,"time":1676411414865,"pid":9204,"hostname":"DESKTOP-G8F9RK0","msg":"La URL: /ff y el metodo: GET no estan implementados"}
{"level":40,"time":1676411543088,"pid":5444,"hostname":"DESKTOP-G8F9RK0","msg":"La URL: /alt=%22Imagen y el metodo: GET no estan implementados"}
{"level":40,"time":1676411545610,"pid":5444,"hostname":"DESKTOP-G8F9RK0","msg":"La URL: /ff y el metodo: GET no estan implementados"}
{"level":40,"time":1676411725563,"pid":14260,"hostname":"DESKTOP-G8F9RK0","msg":"La URL: /alt=%22Imagen y el metodo: GET no estan implementados"}
{"level":40,"time":1676411726840,"pid":14260,"hostname":"DESKTOP-G8F9RK0","msg":"La URL: /ff y el metodo: GET no estan implementados"}
{"level":40,"time":1676411730323,"pid":14260,"hostname":"DESKTOP-G8F9RK0","msg":"La URL: /ff y el metodo: GET no estan implementados"}
{"level":40,"time":1676411751872,"pid":14324,"hostname":"DESKTOP-G8F9RK0","msg":"La URL: /alt=%22Imagen y el metodo: GET no estan implementados"}
{"level":40,"time":1676411753127,"pid":14324,"hostname":"DESKTOP-G8F9RK0","msg":"La URL: /ff y el metodo: GET no estan implementados"}
{"level":40,"time":1676413349908,"pid":5776,"hostname":"DESKTOP-G8F9RK0","msg":"La URL: /alt=%22Imagen y el metodo: GET no estan implementados"}
{"level":40,"time":1676413349926,"pid":5776,"hostname":"DESKTOP-G8F9RK0","msg":"La URL: /ff y el metodo: GET no estan implementados"}
{"level":40,"time":1676413364627,"pid":5776,"hostname":"DESKTOP-G8F9RK0","msg":"La URL: /ff y el metodo: GET no estan implementados"}
{"level":40,"time":1676413396768,"pid":5776,"hostname":"DESKTOP-G8F9RK0","msg":"La URL: /ff y el metodo: GET no estan implementados"}
{"level":40,"time":1676413456563,"pid":10728,"hostname":"DESKTOP-G8F9RK0","msg":"La URL: /alt=%22Imagen y el metodo: GET no estan implementados"}
{"level":40,"time":1676413456570,"pid":10728,"hostname":"DESKTOP-G8F9RK0","msg":"La URL: /ff y el metodo: GET no estan implementados"}
{"level":40,"time":1676413462490,"pid":10728,"hostname":"DESKTOP-G8F9RK0","msg":"La URL: /ff y el metodo: GET no estan implementados"}
{"level":40,"time":1676413551228,"pid":5440,"hostname":"DESKTOP-G8F9RK0","msg":"La URL: /alt=%22Imagen y el metodo: GET no estan implementados"}
{"level":40,"time":1676413551239,"pid":5440,"hostname":"DESKTOP-G8F9RK0","msg":"La URL: /ff y el metodo: GET no estan implementados"}
{"level":40,"time":1676413595403,"pid":9968,"hostname":"DESKTOP-G8F9RK0","msg":"La URL: /alt=%22Imagen y el metodo: GET no estan implementados"}
{"level":40,"time":1676413595416,"pid":9968,"hostname":"DESKTOP-G8F9RK0","msg":"La URL: /ff y el metodo: GET no estan implementados"}
{"level":40,"time":1676413647117,"pid":12152,"hostname":"DESKTOP-G8F9RK0","msg":"La URL: /alt=%22Imagen y el metodo: GET no estan implementados"}
{"level":40,"time":1676413647128,"pid":12152,"hostname":"DESKTOP-G8F9RK0","msg":"La URL: /ff y el metodo: GET no estan implementados"}
{"level":40,"time":1676413663774,"pid":12152,"hostname":"DESKTOP-G8F9RK0","msg":"La URL: /ff y el metodo: GET no estan implementados"}
{"level":40,"time":1676413749166,"pid":11812,"hostname":"DESKTOP-G8F9RK0","msg":"La URL: /alt=%22Imagen y el metodo: GET no estan implementados"}
{"level":40,"time":1676413749173,"pid":11812,"hostname":"DESKTOP-G8F9RK0","msg":"La URL: /ff y el metodo: GET no estan implementados"}
{"level":40,"time":1676413755960,"pid":11812,"hostname":"DESKTOP-G8F9RK0","msg":"La URL: /ff y el metodo: GET no estan implementados"}
{"level":40,"time":1676413773330,"pid":11812,"hostname":"DESKTOP-G8F9RK0","msg":"La URL: /ff y el metodo: GET no estan implementados"}
{"level":40,"time":1676413809282,"pid":6192,"hostname":"DESKTOP-G8F9RK0","msg":"La URL: /alt=%22Imagen y el metodo: GET no estan implementados"}
{"level":40,"time":1676413809292,"pid":6192,"hostname":"DESKTOP-G8F9RK0","msg":"La URL: /ff y el metodo: GET no estan implementados"}
{"level":40,"time":1676413814300,"pid":6192,"hostname":"DESKTOP-G8F9RK0","msg":"La URL: /alt=%22Avatar%22%3C/br y el metodo: GET no estan implementados"}
{"level":40,"time":1676413990388,"pid":1144,"hostname":"DESKTOP-G8F9RK0","msg":"La URL: /alt=%22Imagen y el metodo: GET no estan implementados"}
{"level":40,"time":1676413990409,"pid":1144,"hostname":"DESKTOP-G8F9RK0","msg":"La URL: /alt=%22Avatar%22%3C/br y el metodo: GET no estan implementados"}
{"level":40,"time":1676413994475,"pid":4908,"hostname":"DESKTOP-G8F9RK0","msg":"La URL: /alt=%22Imagen y el metodo: GET no estan implementados"}
{"level":40,"time":1676413994493,"pid":4908,"hostname":"DESKTOP-G8F9RK0","msg":"La URL: /alt=%22Avatar%22%3C/br y el metodo: GET no estan implementados"}
{"level":40,"time":1676414011491,"pid":13736,"hostname":"DESKTOP-G8F9RK0","msg":"La URL: /alt=%22Imagen y el metodo: GET no estan implementados"}
{"level":40,"time":1676414011502,"pid":13736,"hostname":"DESKTOP-G8F9RK0","msg":"La URL: /alt=%22Avatar%22%3C/br y el metodo: GET no estan implementados"}
{"level":40,"time":1676414120565,"pid":6372,"hostname":"DESKTOP-G8F9RK0","msg":"La URL: /alt=%22Imagen y el metodo: GET no estan implementados"}
{"level":40,"time":1676414120583,"pid":6372,"hostname":"DESKTOP-G8F9RK0","msg":"La URL: /alt=%22Avatar%22%3C/br y el metodo: GET no estan implementados"}
{"level":40,"time":1676414221396,"pid":3376,"hostname":"DESKTOP-G8F9RK0","msg":"La URL: /alt=%22Imagen y el metodo: GET no estan implementados"}
{"level":40,"time":1676414221409,"pid":3376,"hostname":"DESKTOP-G8F9RK0","msg":"La URL: /alt=%22Avatar%22%3C/br y el metodo: GET no estan implementados"}
{"level":40,"time":1676414225741,"pid":3376,"hostname":"DESKTOP-G8F9RK0","msg":"La URL: /alt=%22Avatar%22%3C/br y el metodo: GET no estan implementados"}
{"level":40,"time":1676414285983,"pid":7376,"hostname":"DESKTOP-G8F9RK0","msg":"La URL: /alt=%22Imagen y el metodo: GET no estan implementados"}
{"level":40,"time":1676414285992,"pid":7376,"hostname":"DESKTOP-G8F9RK0","msg":"La URL: /alt=%22Avatar%22%3C/br y el metodo: GET no estan implementados"}
{"level":40,"time":1676414288897,"pid":7376,"hostname":"DESKTOP-G8F9RK0","msg":"La URL: /alt=%22Avatar%22%3C/br y el metodo: GET no estan implementados"}
{"level":40,"time":1676414316095,"pid":8212,"hostname":"DESKTOP-G8F9RK0","msg":"La URL: /alt=%22Imagen y el metodo: GET no estan implementados"}
{"level":40,"time":1676414316111,"pid":8212,"hostname":"DESKTOP-G8F9RK0","msg":"La URL: /alt=%22Avatar%22%3C/br y el metodo: GET no estan implementados"}
{"level":40,"time":1676414516470,"pid":2916,"hostname":"DESKTOP-G8F9RK0","msg":"La URL: /alt=%22Imagen y el metodo: GET no estan implementados"}
{"level":40,"time":1676414516485,"pid":2916,"hostname":"DESKTOP-G8F9RK0","msg":"La URL: /alt=%22Avatar%22%3C/br y el metodo: GET no estan implementados"}
{"level":40,"time":1676414645200,"pid":9200,"hostname":"DESKTOP-G8F9RK0","msg":"La URL: /alt=%22Imagen y el metodo: GET no estan implementados"}
{"level":40,"time":1676414645241,"pid":9200,"hostname":"DESKTOP-G8F9RK0","msg":"La URL: /alt=%22Avatar%22%3C/br y el metodo: GET no estan implementados"}
{"level":40,"time":1676414660684,"pid":9200,"hostname":"DESKTOP-G8F9RK0","msg":"La URL: /alt=%22Avatar%22%3C/br y el metodo: GET no estan implementados"}
{"level":40,"time":1676414693332,"pid":1340,"hostname":"DESKTOP-G8F9RK0","msg":"La URL: /alt=%22Imagen y el metodo: GET no estan implementados"}
{"level":40,"time":1676414693350,"pid":1340,"hostname":"DESKTOP-G8F9RK0","msg":"La URL: /alt=%22Avatar%22%3C/br y el metodo: GET no estan implementados"}
{"level":40,"time":1676414698171,"pid":1340,"hostname":"DESKTOP-G8F9RK0","msg":"La URL: /alt=%22Avatar%22%3C/br y el metodo: GET no estan implementados"}
{"level":40,"time":1676414790945,"pid":5992,"hostname":"DESKTOP-G8F9RK0","msg":"La URL: /alt=%22Imagen y el metodo: GET no estan implementados"}
{"level":40,"time":1676414790969,"pid":5992,"hostname":"DESKTOP-G8F9RK0","msg":"La URL: /alt=%22Avatar%22%3C/br y el metodo: GET no estan implementados"}
{"level":40,"time":1676414797035,"pid":5992,"hostname":"DESKTOP-G8F9RK0","msg":"La URL: /alt=%22Avatar%22%3C/br y el metodo: GET no estan implementados"}
{"level":40,"time":1676414826849,"pid":6700,"hostname":"DESKTOP-G8F9RK0","msg":"La URL: /alt=%22Imagen y el metodo: GET no estan implementados"}
{"level":40,"time":1676414826873,"pid":6700,"hostname":"DESKTOP-G8F9RK0","msg":"La URL: /alt=%22Avatar%22%3C/br y el metodo: GET no estan implementados"}
{"level":40,"time":1676414832493,"pid":6700,"hostname":"DESKTOP-G8F9RK0","msg":"La URL: /alt=%22Avatar%22%3C/br y el metodo: GET no estan implementados"}
{"level":40,"time":1676414872922,"pid":12312,"hostname":"DESKTOP-G8F9RK0","msg":"La URL: /alt=%22Imagen y el metodo: GET no estan implementados"}
{"level":40,"time":1676414872941,"pid":12312,"hostname":"DESKTOP-G8F9RK0","msg":"La URL: /alt=%22Avatar%22%3C/br y el metodo: GET no estan implementados"}
{"level":40,"time":1676414878059,"pid":12312,"hostname":"DESKTOP-G8F9RK0","msg":"La URL: /alt=%22Avatar%22%3C/br y el metodo: GET no estan implementados"}
{"level":40,"time":1676414899826,"pid":12772,"hostname":"DESKTOP-G8F9RK0","msg":"La URL: /alt=%22Imagen y el metodo: GET no estan implementados"}
{"level":40,"time":1676414899844,"pid":12772,"hostname":"DESKTOP-G8F9RK0","msg":"La URL: /alt=%22Avatar%22%3C/br y el metodo: GET no estan implementados"}
{"level":40,"time":1676414967161,"pid":8932,"hostname":"DESKTOP-G8F9RK0","msg":"La URL: /alt=%22Imagen y el metodo: GET no estan implementados"}
{"level":40,"time":1676414967184,"pid":8932,"hostname":"DESKTOP-G8F9RK0","msg":"La URL: /alt=%22Avatar%22%3C/br y el metodo: GET no estan implementados"}
{"level":40,"time":1676414991625,"pid":13064,"hostname":"DESKTOP-G8F9RK0","msg":"La URL: /alt=%22Imagen y el metodo: GET no estan implementados"}
{"level":40,"time":1676414991642,"pid":13064,"hostname":"DESKTOP-G8F9RK0","msg":"La URL: /alt=%22Avatar%22%3C/br y el metodo: GET no estan implementados"}
{"level":40,"time":1676415011052,"pid":13100,"hostname":"DESKTOP-G8F9RK0","msg":"La URL: /alt=%22Imagen y el metodo: GET no estan implementados"}
{"level":40,"time":1676415011083,"pid":13100,"hostname":"DESKTOP-G8F9RK0","msg":"La URL: /alt=%22Avatar%22%3C/br y el metodo: GET no estan implementados"}
{"level":40,"time":1676415097769,"pid":12668,"hostname":"DESKTOP-G8F9RK0","msg":"La URL: /alt=%22Imagen y el metodo: GET no estan implementados"}
{"level":40,"time":1676415097804,"pid":12668,"hostname":"DESKTOP-G8F9RK0","msg":"La URL: /alt=%22Avatar%22%3C/br y el metodo: GET no estan implementados"}
{"level":40,"time":1676415110312,"pid":12668,"hostname":"DESKTOP-G8F9RK0","msg":"La URL: /alt=%22Avatar%22%3C/br y el metodo: GET no estan implementados"}
{"level":40,"time":1676415172321,"pid":14312,"hostname":"DESKTOP-G8F9RK0","msg":"La URL: /alt=%22Imagen y el metodo: GET no estan implementados"}
{"level":40,"time":1676415172435,"pid":14312,"hostname":"DESKTOP-G8F9RK0","msg":"La URL: /alt=%22Avatar%22%3C/br y el metodo: GET no estan implementados"}
{"level":40,"time":1676415232984,"pid":13964,"hostname":"DESKTOP-G8F9RK0","msg":"La URL: /alt=%22Imagen y el metodo: GET no estan implementados"}
{"level":40,"time":1676415233098,"pid":13964,"hostname":"DESKTOP-G8F9RK0","msg":"La URL: /alt=%22Avatar%22%3C/br y el metodo: GET no estan implementados"}
{"level":40,"time":1676415238571,"pid":13964,"hostname":"DESKTOP-G8F9RK0","msg":"La URL: /alt=%22Avatar%22%3C/br y el metodo: GET no estan implementados"}
{"level":40,"time":1676415250207,"pid":8184,"hostname":"DESKTOP-G8F9RK0","msg":"La URL: /alt=%22Imagen y el metodo: GET no estan implementados"}
{"level":40,"time":1676415250230,"pid":8184,"hostname":"DESKTOP-G8F9RK0","msg":"La URL: /alt=%22Avatar%22%3C/br y el metodo: GET no estan implementados"}
{"level":40,"time":1676415257703,"pid":8184,"hostname":"DESKTOP-G8F9RK0","msg":"La URL: /alt=%22Avatar%22%3C/br y el metodo: GET no estan implementados"}
{"level":40,"time":1676415303824,"pid":7032,"hostname":"DESKTOP-G8F9RK0","msg":"La URL: /alt=%22Imagen y el metodo: GET no estan implementados"}
{"level":40,"time":1676415303853,"pid":7032,"hostname":"DESKTOP-G8F9RK0","msg":"La URL: /alt=%22Avatar%22%3C/br y el metodo: GET no estan implementados"}
{"level":40,"time":1676415308075,"pid":7032,"hostname":"DESKTOP-G8F9RK0","msg":"La URL: /alt=%22Avatar%22%3C/br y el metodo: GET no estan implementados"}
{"level":40,"time":1676415362200,"pid":6876,"hostname":"DESKTOP-G8F9RK0","msg":"La URL: /alt=%22Imagen y el metodo: GET no estan implementados"}
{"level":40,"time":1676415362234,"pid":6876,"hostname":"DESKTOP-G8F9RK0","msg":"La URL: /alt=%22Avatar%22%3C/br y el metodo: GET no estan implementados"}
{"level":40,"time":1676415444739,"pid":13044,"hostname":"DESKTOP-G8F9RK0","msg":"La URL: /alt=%22Imagen y el metodo: GET no estan implementados"}
{"level":40,"time":1676415444858,"pid":13044,"hostname":"DESKTOP-G8F9RK0","msg":"La URL: /alt=%22Avatar%22%3C/br y el metodo: GET no estan implementados"}
{"level":40,"time":1676415457096,"pid":13044,"hostname":"DESKTOP-G8F9RK0","msg":"La URL: /alt=%22Avatar%22%3C/br y el metodo: GET no estan implementados"}
{"level":40,"time":1676415486321,"pid":7880,"hostname":"DESKTOP-G8F9RK0","msg":"La URL: /alt=%22Imagen y el metodo: GET no estan implementados"}
{"level":40,"time":1676415486334,"pid":7880,"hostname":"DESKTOP-G8F9RK0","msg":"La URL: /alt=%22Avatar%22%3C/br y el metodo: GET no estan implementados"}
{"level":40,"time":1676416018545,"pid":13936,"hostname":"DESKTOP-G8F9RK0","msg":"La URL: /alt=%22Imagen y el metodo: GET no estan implementados"}
{"level":40,"time":1676416018593,"pid":13936,"hostname":"DESKTOP-G8F9RK0","msg":"La URL: /alt=%22Avatar%22%3C/br y el metodo: GET no estan implementados"}
{"level":40,"time":1676416143066,"pid":10624,"hostname":"DESKTOP-G8F9RK0","msg":"La URL: /alt=%22Imagen y el metodo: GET no estan implementados"}
{"level":40,"time":1676416143098,"pid":10624,"hostname":"DESKTOP-G8F9RK0","msg":"La URL: /alt=%22Avatar%22%3C/br y el metodo: GET no estan implementados"}
{"level":40,"time":1676416234354,"pid":13396,"hostname":"DESKTOP-G8F9RK0","msg":"La URL: /alt=%22Imagen y el metodo: GET no estan implementados"}
{"level":40,"time":1676416234381,"pid":13396,"hostname":"DESKTOP-G8F9RK0","msg":"La URL: /alt=%22Avatar%22%3C/br y el metodo: GET no estan implementados"}
{"level":40,"time":1676416268819,"pid":9140,"hostname":"DESKTOP-G8F9RK0","msg":"La URL: /alt=%22Imagen y el metodo: GET no estan implementados"}
{"level":40,"time":1676416268851,"pid":9140,"hostname":"DESKTOP-G8F9RK0","msg":"La URL: /alt=%22Avatar%22%3C/br y el metodo: GET no estan implementados"}
{"level":40,"time":1676416416022,"pid":5712,"hostname":"DESKTOP-G8F9RK0","msg":"La URL: /alt=%22Imagen y el metodo: GET no estan implementados"}
{"level":40,"time":1676416416044,"pid":5712,"hostname":"DESKTOP-G8F9RK0","msg":"La URL: /alt=%22Avatar%22%3C/br y el metodo: GET no estan implementados"}
{"level":40,"time":1676416720442,"pid":11144,"hostname":"DESKTOP-G8F9RK0","msg":"La URL: /alt=%22Imagen y el metodo: GET no estan implementados"}
{"level":40,"time":1676416720497,"pid":11144,"hostname":"DESKTOP-G8F9RK0","msg":"La URL: /alt=%22Avatar%22%3C/br y el metodo: GET no estan implementados"}
{"level":40,"time":1676418155322,"pid":11404,"hostname":"DESKTOP-G8F9RK0","msg":"La URL: /alt=%22Imagen y el metodo: GET no estan implementados"}
{"level":40,"time":1676418155352,"pid":11404,"hostname":"DESKTOP-G8F9RK0","msg":"La URL: /alt=%22Avatar%22%3C/br y el metodo: GET no estan implementados"}
{"level":40,"time":1676418231340,"pid":7420,"hostname":"DESKTOP-G8F9RK0","msg":"La URL: /alt=%22Imagen y el metodo: GET no estan implementados"}
{"level":40,"time":1676418231346,"pid":7420,"hostname":"DESKTOP-G8F9RK0","msg":"La URL: /alt=%22Avatar%22%3C/br y el metodo: GET no estan implementados"}
{"level":40,"time":1676418332700,"pid":7332,"hostname":"DESKTOP-G8F9RK0","msg":"La URL: /alt=%22Imagen y el metodo: GET no estan implementados"}
{"level":40,"time":1676418332739,"pid":7332,"hostname":"DESKTOP-G8F9RK0","msg":"La URL: /alt=%22Avatar%22%3C/br y el metodo: GET no estan implementados"}
{"level":40,"time":1676418338414,"pid":7332,"hostname":"DESKTOP-G8F9RK0","msg":"La URL: /alt=%22Imagen y el metodo: GET no estan implementados"}
{"level":40,"time":1676418338428,"pid":7332,"hostname":"DESKTOP-G8F9RK0","msg":"La URL: /alt=%22Avatar%22%3C/br y el metodo: GET no estan implementados"}
{"level":40,"time":1676418361388,"pid":7332,"hostname":"DESKTOP-G8F9RK0","msg":"La URL: /alt=%22Avatar%22%3C/br y el metodo: GET no estan implementados"}
{"level":40,"time":1676418363878,"pid":7332,"hostname":"DESKTOP-G8F9RK0","msg":"La URL: /alt=%22Imagen y el metodo: GET no estan implementados"}
{"level":40,"time":1676418428564,"pid":9984,"hostname":"DESKTOP-G8F9RK0","msg":"La URL: /alt=%22Imagen y el metodo: GET no estan implementados"}
{"level":40,"time":1676418429839,"pid":9984,"hostname":"DESKTOP-G8F9RK0","msg":"La URL: /alt=%22Avatar%22%3C/br y el metodo: GET no estan implementados"}
{"level":40,"time":1676418615993,"pid":8596,"hostname":"DESKTOP-G8F9RK0","msg":"La URL: /alt=%22Imagen y el metodo: GET no estan implementados"}
{"level":40,"time":1676418617243,"pid":8596,"hostname":"DESKTOP-G8F9RK0","msg":"La URL: /alt=%22Avatar%22%3C/br y el metodo: GET no estan implementados"}
{"level":40,"time":1676418618707,"pid":8596,"hostname":"DESKTOP-G8F9RK0","msg":"La URL: /alt=%22Imagen y el metodo: GET no estan implementados"}
{"level":40,"time":1676418844120,"pid":6964,"hostname":"DESKTOP-G8F9RK0","msg":"La URL: /alt=%22Imagen y el metodo: GET no estan implementados"}
{"level":40,"time":1676418845385,"pid":6964,"hostname":"DESKTOP-G8F9RK0","msg":"La URL: /alt=%22Avatar%22%3C/br y el metodo: GET no estan implementados"}
{"level":40,"time":1676418914037,"pid":7352,"hostname":"DESKTOP-G8F9RK0","msg":"La URL: /alt=%22Imagen y el metodo: GET no estan implementados"}
{"level":40,"time":1676418916442,"pid":7352,"hostname":"DESKTOP-G8F9RK0","msg":"La URL: /alt=%22Avatar%22%3C/br y el metodo: GET no estan implementados"}
{"level":40,"time":1676418917845,"pid":7352,"hostname":"DESKTOP-G8F9RK0","msg":"La URL: /alt=%22Imagen y el metodo: GET no estan implementados"}
{"level":40,"time":1676419006482,"pid":11052,"hostname":"DESKTOP-G8F9RK0","msg":"La URL: /alt=%22Imagen y el metodo: GET no estan implementados"}
{"level":40,"time":1676419007750,"pid":11052,"hostname":"DESKTOP-G8F9RK0","msg":"La URL: /alt=%22Avatar%22%3C/br y el metodo: GET no estan implementados"}
{"level":40,"time":1676419094066,"pid":10312,"hostname":"DESKTOP-G8F9RK0","msg":"La URL: /alt=%22Imagen y el metodo: GET no estan implementados"}
{"level":40,"time":1676419095341,"pid":10312,"hostname":"DESKTOP-G8F9RK0","msg":"La URL: /alt=%22Avatar%22%3C/br y el metodo: GET no estan implementados"}
{"level":40,"time":1676419107230,"pid":10312,"hostname":"DESKTOP-G8F9RK0","msg":"La URL: /alt=%22Imagen y el metodo: GET no estan implementados"}
{"level":40,"time":1676419183211,"pid":9072,"hostname":"DESKTOP-G8F9RK0","msg":"La URL: /alt=%22Imagen y el metodo: GET no estan implementados"}
{"level":40,"time":1676419184443,"pid":9072,"hostname":"DESKTOP-G8F9RK0","msg":"La URL: /alt=%22Avatar%22%3C/br y el metodo: GET no estan implementados"}
{"level":40,"time":1676419189671,"pid":9072,"hostname":"DESKTOP-G8F9RK0","msg":"La URL: /alt=%22Avatar%22%3C/br y el metodo: GET no estan implementados"}
{"level":40,"time":1676419189693,"pid":9072,"hostname":"DESKTOP-G8F9RK0","msg":"La URL: /alt=%22Imagen y el metodo: GET no estan implementados"}
{"level":40,"time":1676419192829,"pid":9072,"hostname":"DESKTOP-G8F9RK0","msg":"La URL: /alt=%22Imagen y el metodo: GET no estan implementados"}
{"level":40,"time":1676419249502,"pid":9072,"hostname":"DESKTOP-G8F9RK0","msg":"La URL: /nada y el metodo: GET no estan implementados"}
{"level":40,"time":1676419353831,"pid":13096,"hostname":"DESKTOP-G8F9RK0","msg":"La URL: /alt=%22Imagen y el metodo: GET no estan implementados"}
{"level":40,"time":1676419355105,"pid":13096,"hostname":"DESKTOP-G8F9RK0","msg":"La URL: /nada y el metodo: GET no estan implementados"}
{"level":40,"time":1676419358241,"pid":13096,"hostname":"DESKTOP-G8F9RK0","msg":"La URL: /alt=%22Imagen y el metodo: GET no estan implementados"}
{"level":40,"time":1676419404959,"pid":5288,"hostname":"DESKTOP-G8F9RK0","msg":"La URL: /alt=%22Imagen y el metodo: GET no estan implementados"}
{"level":40,"time":1676419499101,"pid":2960,"hostname":"DESKTOP-G8F9RK0","msg":"La URL: /alt=%22Imagen y el metodo: GET no estan implementados"}
{"level":40,"time":1676419500360,"pid":2960,"hostname":"DESKTOP-G8F9RK0","msg":"La URL: /nada y el metodo: GET no estan implementados"}
{"level":40,"time":1676419594592,"pid":8872,"hostname":"DESKTOP-G8F9RK0","msg":"La URL: /alt=%22Imagen y el metodo: GET no estan implementados"}
{"level":40,"time":1676419650717,"pid":5552,"hostname":"DESKTOP-G8F9RK0","msg":"La URL: /alt=%22Imagen y el metodo: GET no estan implementados"}
{"level":40,"time":1676419651989,"pid":5552,"hostname":"DESKTOP-G8F9RK0","msg":"La URL: /nada y el metodo: GET no estan implementados"}
{"level":40,"time":1676419747683,"pid":14148,"hostname":"DESKTOP-G8F9RK0","msg":"La URL: /alt=%22Imagen y el metodo: GET no estan implementados"}
{"level":40,"time":1676419750150,"pid":14148,"hostname":"DESKTOP-G8F9RK0","msg":"La URL: /nada y el metodo: GET no estan implementados"}
{"level":40,"time":1676419752769,"pid":14148,"hostname":"DESKTOP-G8F9RK0","msg":"La URL: /imagen y el metodo: GET no estan implementados"}
{"level":40,"time":1676419898774,"pid":12792,"hostname":"DESKTOP-G8F9RK0","msg":"La URL: /alt=%22Imagen y el metodo: GET no estan implementados"}
{"level":40,"time":1676419901194,"pid":12792,"hostname":"DESKTOP-G8F9RK0","msg":"La URL: /nada y el metodo: GET no estan implementados"}
{"level":40,"time":1676419901914,"pid":12792,"hostname":"DESKTOP-G8F9RK0","msg":"La URL: /imagen y el metodo: GET no estan implementados"}
{"level":40,"time":1676419924829,"pid":12792,"hostname":"DESKTOP-G8F9RK0","msg":"La URL: /alt=%22Imagen y el metodo: GET no estan implementados"}
{"level":40,"time":1676419924861,"pid":12792,"hostname":"DESKTOP-G8F9RK0","msg":"La URL: /nada y el metodo: GET no estan implementados"}
{"level":40,"time":1676419927360,"pid":12792,"hostname":"DESKTOP-G8F9RK0","msg":"La URL: /imagen y el metodo: GET no estan implementados"}
{"level":40,"time":1676420002666,"pid":8104,"hostname":"DESKTOP-G8F9RK0","msg":"La URL: /alt=%22Imagen y el metodo: GET no estan implementados"}
{"level":40,"time":1676420003923,"pid":8104,"hostname":"DESKTOP-G8F9RK0","msg":"La URL: /imagen y el metodo: GET no estan implementados"}
{"level":40,"time":1676420005224,"pid":8104,"hostname":"DESKTOP-G8F9RK0","msg":"La URL: /nada y el metodo: GET no estan implementados"}
{"level":40,"time":1676420036489,"pid":1160,"hostname":"DESKTOP-G8F9RK0","msg":"La URL: /alt=%22Imagen y el metodo: GET no estan implementados"}
{"level":40,"time":1676420037749,"pid":1160,"hostname":"DESKTOP-G8F9RK0","msg":"La URL: /imagen y el metodo: GET no estan implementados"}
{"level":40,"time":1676420040092,"pid":1160,"hostname":"DESKTOP-G8F9RK0","msg":"La URL: /nada y el metodo: GET no estan implementados"}
{"level":40,"time":1676420040851,"pid":1160,"hostname":"DESKTOP-G8F9RK0","msg":"La URL: /nada y el metodo: GET no estan implementados"}
{"level":40,"time":1676420041918,"pid":1160,"hostname":"DESKTOP-G8F9RK0","msg":"La URL: /alt=%22Imagen y el metodo: GET no estan implementados"}
{"level":40,"time":1676420041927,"pid":1160,"hostname":"DESKTOP-G8F9RK0","msg":"La URL: /imagen y el metodo: GET no estan implementados"}
{"level":40,"time":1676420074866,"pid":492,"hostname":"DESKTOP-G8F9RK0","msg":"La URL: /alt=%22Imagen y el metodo: GET no estan implementados"}
{"level":40,"time":1676420076131,"pid":492,"hostname":"DESKTOP-G8F9RK0","msg":"La URL: /imagen y el metodo: GET no estan implementados"}
{"level":40,"time":1676420078478,"pid":492,"hostname":"DESKTOP-G8F9RK0","msg":"La URL: /nada y el metodo: GET no estan implementados"}
{"level":40,"time":1676420099217,"pid":7692,"hostname":"DESKTOP-G8F9RK0","msg":"La URL: /alt=%22Imagen y el metodo: GET no estan implementados"}
{"level":40,"time":1676420100471,"pid":7692,"hostname":"DESKTOP-G8F9RK0","msg":"La URL: /nada y el metodo: GET no estan implementados"}
{"level":40,"time":1676420103016,"pid":7692,"hostname":"DESKTOP-G8F9RK0","msg":"La URL: /imagen y el metodo: GET no estan implementados"}
{"level":40,"time":1676420122024,"pid":12704,"hostname":"DESKTOP-G8F9RK0","msg":"La URL: /alt=%22Imagen y el metodo: GET no estan implementados"}
{"level":40,"time":1676420123553,"pid":12704,"hostname":"DESKTOP-G8F9RK0","msg":"La URL: /nada y el metodo: GET no estan implementados"}
{"level":40,"time":1676420124855,"pid":12704,"hostname":"DESKTOP-G8F9RK0","msg":"La URL: /imagen y el metodo: GET no estan implementados"}
{"level":40,"time":1676420251263,"pid":10212,"hostname":"DESKTOP-G8F9RK0","msg":"La URL: /alt=%22Imagen y el metodo: GET no estan implementados"}
{"level":40,"time":1676420252519,"pid":10212,"hostname":"DESKTOP-G8F9RK0","msg":"La URL: /imagen y el metodo: GET no estan implementados"}
{"level":40,"time":1676420254901,"pid":10212,"hostname":"DESKTOP-G8F9RK0","msg":"La URL: /nada y el metodo: GET no estan implementados"}
{"level":40,"time":1676420267973,"pid":10212,"hostname":"DESKTOP-G8F9RK0","msg":"La URL: /alt=%22Avatar%22%3C/br y el metodo: GET no estan implementados"}
{"level":40,"time":1676424861878,"pid":9488,"hostname":"DESKTOP-G8F9RK0","msg":"La URL: /infoList2222 y el metodo: GET no estan implementados"}
{"level":40,"time":1676636625043,"pid":10244,"hostname":"DESKTOP-G8F9RK0","msg":"La URL: /infooo y el metodo: GET no estan implementados"}
{"level":40,"time":1676636968186,"pid":12128,"hostname":"DESKTOP-G8F9RK0","msg":"La URL: /infooo y el metodo: GET no estan implementados"}
{"level":40,"time":1676645366525,"pid":12616,"hostname":"DESKTOP-G8F9RK0","msg":"La URL: /favicon.ico y el metodo: GET no estan implementados"}
